This is pdfTeX, Version 3.14159265-2.6-1.40.16 (TeX Live 2015) (preloaded format=pdflatex 2015.11.24)  14 AUG 2016 11:40
entering extended mode
 restricted \write18 enabled.
 %&-line parsing enabled.
**main
(./main.tex
LaTeX2e <2015/10/01> patch level 2
Babel <3.9m> and hyphenation patterns for 79 languages loaded.
(/usr/local/texlive/2015/texmf-dist/tex/latex/base/article.cls
Document Class: article 2014/09/29 v1.4h Standard LaTeX document class
(/usr/local/texlive/2015/texmf-dist/tex/latex/base/size12.clo
File: size12.clo 2014/09/29 v1.4h Standard LaTeX file (size option)
)
\c@part=\count79
\c@section=\count80
\c@subsection=\count81
\c@subsubsection=\count82
\c@paragraph=\count83
\c@subparagraph=\count84
\c@figure=\count85
\c@table=\count86
\abovecaptionskip=\skip41
\belowcaptionskip=\skip42
\bibindent=\dimen102
)
(/usr/local/texlive/2015/texmf-dist/tex/latex/base/ifthen.sty
Package: ifthen 2014/09/29 v1.1c Standard LaTeX ifthen package (DPC)
) (./preamble.tex
(/usr/local/texlive/2015/texmf-dist/tex/latex/geometry/geometry.sty
Package: geometry 2010/09/12 v5.6 Page Geometry

(/usr/local/texlive/2015/texmf-dist/tex/latex/graphics/keyval.sty
Package: keyval 2014/10/28 v1.15 key=value parser (DPC)
\KV@toks@=\toks14
)
(/usr/local/texlive/2015/texmf-dist/tex/generic/oberdiek/ifpdf.sty
Package: ifpdf 2011/01/30 v2.3 Provides the ifpdf switch (HO)
Package ifpdf Info: pdfTeX in PDF mode is detected.
)
(/usr/local/texlive/2015/texmf-dist/tex/generic/oberdiek/ifvtex.sty
Package: ifvtex 2010/03/01 v1.5 Detect VTeX and its facilities (HO)
Package ifvtex Info: VTeX not detected.
)
(/usr/local/texlive/2015/texmf-dist/tex/generic/ifxetex/ifxetex.sty
Package: ifxetex 2010/09/12 v0.6 Provides ifxetex conditional
)
\Gm@cnth=\count87
\Gm@cntv=\count88
\c@Gm@tempcnt=\count89
\Gm@bindingoffset=\dimen103
\Gm@wd@mp=\dimen104
\Gm@odd@mp=\dimen105
\Gm@even@mp=\dimen106
\Gm@layoutwidth=\dimen107
\Gm@layoutheight=\dimen108
\Gm@layouthoffset=\dimen109
\Gm@layoutvoffset=\dimen110
\Gm@dimlist=\toks15
)
(/usr/local/texlive/2015/texmf-dist/tex/latex/microtype/microtype.sty
Package: microtype 2013/05/23 v2.5a Micro-typographical refinements (RS)
\MT@toks=\toks16
\MT@count=\count90
LaTeX Info: Redefining \textls on input line 766.
\MT@outer@kern=\dimen111
LaTeX Info: Redefining \textmicrotypecontext on input line 1285.
\MT@listname@count=\count91

(/usr/local/texlive/2015/texmf-dist/tex/latex/microtype/microtype-pdftex.def
File: microtype-pdftex.def 2013/05/23 v2.5a Definitions specific to pdftex (RS)

LaTeX Info: Redefining \lsstyle on input line 915.
LaTeX Info: Redefining \lslig on input line 915.
\MT@outer@space=\skip43
)
Package microtype Info: Loading configuration file microtype.cfg.

(/usr/local/texlive/2015/texmf-dist/tex/latex/microtype/microtype.cfg
File: microtype.cfg 2013/05/23 v2.5a microtype main configuration file (RS)
))
(/usr/local/texlive/2015/texmf-dist/tex/latex/lineno/lineno.sty
Package: lineno 2005/11/02 line numbers on paragraphs v4.41
\linenopenalty=\count92
\output=\toks17
\linenoprevgraf=\count93
\linenumbersep=\dimen112
\linenumberwidth=\dimen113
\c@linenumber=\count94
\c@pagewiselinenumber=\count95
\c@LN@truepage=\count96
\c@internallinenumber=\count97
\c@internallinenumbers=\count98
\quotelinenumbersep=\dimen114
\bframerule=\dimen115
\bframesep=\dimen116
\bframebox=\box26
LaTeX Info: Redefining \\ on input line 3056.
)
(/usr/local/texlive/2015/texmf-dist/tex/latex/tools/xspace.sty
Package: xspace 2014/10/28 v1.13 Space after command names (DPC,MH)
)
(/usr/local/texlive/2015/texmf-dist/tex/latex/caption/caption.sty
Package: caption 2015/09/17 v3.3-111 Customizing captions (AR)

(/usr/local/texlive/2015/texmf-dist/tex/latex/caption/caption3.sty
Package: caption3 2015/09/20 v1.7-115 caption3 kernel (AR)
Package caption3 Info: TeX engine: e-TeX on input line 57.
\captionmargin=\dimen117
\captionmargin@=\dimen118
\captionwidth=\dimen119
\caption@tempdima=\dimen120
\caption@indent=\dimen121
\caption@parindent=\dimen122
\caption@hangindent=\dimen123
)
\c@ContinuedFloat=\count99
)
(/usr/local/texlive/2015/texmf-dist/tex/latex/graphics/graphicx.sty
Package: graphicx 2014/10/28 v1.0g Enhanced LaTeX Graphics (DPC,SPQR)

(/usr/local/texlive/2015/texmf-dist/tex/latex/graphics/graphics.sty
Package: graphics 2014/10/28 v1.0p Standard LaTeX Graphics (DPC,SPQR)

(/usr/local/texlive/2015/texmf-dist/tex/latex/graphics/trig.sty
Package: trig 1999/03/16 v1.09 sin cos tan (DPC)
)
(/usr/local/texlive/2015/texmf-dist/tex/latex/latexconfig/graphics.cfg
File: graphics.cfg 2010/04/23 v1.9 graphics configuration of TeX Live
)
Package graphics Info: Driver file: pdftex.def on input line 94.

(/usr/local/texlive/2015/texmf-dist/tex/latex/pdftex-def/pdftex.def
File: pdftex.def 2011/05/27 v0.06d Graphics/color for pdfTeX

(/usr/local/texlive/2015/texmf-dist/tex/generic/oberdiek/infwarerr.sty
Package: infwarerr 2010/04/08 v1.3 Providing info/warning/error messages (HO)
)
(/usr/local/texlive/2015/texmf-dist/tex/generic/oberdiek/ltxcmds.sty
Package: ltxcmds 2011/11/09 v1.22 LaTeX kernel commands for general use (HO)
)
\Gread@gobject=\count100
))
\Gin@req@height=\dimen124
\Gin@req@width=\dimen125
)
(/usr/local/texlive/2015/texmf-dist/tex/latex/graphics/color.sty
Package: color 2014/10/28 v1.1a Standard LaTeX Color (DPC)

(/usr/local/texlive/2015/texmf-dist/tex/latex/latexconfig/color.cfg
File: color.cfg 2007/01/18 v1.5 color configuration of teTeX/TeXLive
)
Package color Info: Driver file: pdftex.def on input line 142.
)
(/usr/local/texlive/2015/texmf-dist/tex/latex/colortbl/colortbl.sty
Package: colortbl 2012/02/13 v1.0a Color table columns (DPC)

(/usr/local/texlive/2015/texmf-dist/tex/latex/tools/array.sty
Package: array 2014/10/28 v2.4c Tabular extension package (FMi)
\col@sep=\dimen126
\extrarowheight=\dimen127
\NC@list=\toks18
\extratabsurround=\skip44
\backup@length=\skip45
)
\everycr=\toks19
\minrowclearance=\skip46
)
(/usr/local/texlive/2015/texmf-dist/tex/latex/amsmath/amsmath.sty
Package: amsmath 2013/01/14 v2.14 AMS math features
\@mathmargin=\skip47

For additional information on amsmath, use the `?' option.
(/usr/local/texlive/2015/texmf-dist/tex/latex/amsmath/amstext.sty
Package: amstext 2000/06/29 v2.01

(/usr/local/texlive/2015/texmf-dist/tex/latex/amsmath/amsgen.sty
File: amsgen.sty 1999/11/30 v2.0
\@emptytoks=\toks20
\ex@=\dimen128
))
(/usr/local/texlive/2015/texmf-dist/tex/latex/amsmath/amsbsy.sty
Package: amsbsy 1999/11/29 v1.2d
\pmbraise@=\dimen129
)
(/usr/local/texlive/2015/texmf-dist/tex/latex/amsmath/amsopn.sty
Package: amsopn 1999/12/14 v2.01 operator names
)
\inf@bad=\count101
LaTeX Info: Redefining \frac on input line 210.
\uproot@=\count102
\leftroot@=\count103
LaTeX Info: Redefining \overline on input line 306.
\classnum@=\count104
\DOTSCASE@=\count105
LaTeX Info: Redefining \ldots on input line 378.
LaTeX Info: Redefining \dots on input line 381.
LaTeX Info: Redefining \cdots on input line 466.
\Mathstrutbox@=\box27
\strutbox@=\box28
\big@size=\dimen130
LaTeX Font Info:    Redeclaring font encoding OML on input line 566.
LaTeX Font Info:    Redeclaring font encoding OMS on input line 567.
\macc@depth=\count106
\c@MaxMatrixCols=\count107
\dotsspace@=\muskip10
\c@parentequation=\count108
\dspbrk@lvl=\count109
\tag@help=\toks21
\row@=\count110
\column@=\count111
\maxfields@=\count112
\andhelp@=\toks22
\eqnshift@=\dimen131
\alignsep@=\dimen132
\tagshift@=\dimen133
\tagwidth@=\dimen134
\totwidth@=\dimen135
\lineht@=\dimen136
\@envbody=\toks23
\multlinegap=\skip48
\multlinetaggap=\skip49
\mathdisplay@stack=\toks24
LaTeX Info: Redefining \[ on input line 2665.
LaTeX Info: Redefining \] on input line 2666.
)
(/usr/local/texlive/2015/texmf-dist/tex/latex/amsfonts/amssymb.sty
Package: amssymb 2013/01/14 v3.01 AMS font symbols

(/usr/local/texlive/2015/texmf-dist/tex/latex/amsfonts/amsfonts.sty
Package: amsfonts 2013/01/14 v3.01 Basic AMSFonts support
\symAMSa=\mathgroup4
\symAMSb=\mathgroup5
LaTeX Font Info:    Overwriting math alphabet `\mathfrak' in version `bold'
(Font)                  U/euf/m/n --> U/euf/b/n on input line 106.
))
(/usr/local/texlive/2015/texmf-dist/tex/latex/was/upgreek.sty
Package: upgreek 2003/02/12 v2.0 (WaS)
Package upgreek Info: Using Euler Roman for upright Greek on input line 31.
\symugrf@m=\mathgroup6
LaTeX Font Info:    Overwriting symbol font `ugrf@m' in version `bold'
(Font)                  U/eur/m/n --> U/eur/b/n on input line 38.
)
(/usr/local/texlive/2015/texmf-dist/tex/latex/hyperref/hyperref.sty
Package: hyperref 2012/11/06 v6.83m Hypertext links for LaTeX

(/usr/local/texlive/2015/texmf-dist/tex/generic/oberdiek/hobsub-hyperref.sty
Package: hobsub-hyperref 2012/05/28 v1.13 Bundle oberdiek, subset hyperref (HO)


(/usr/local/texlive/2015/texmf-dist/tex/generic/oberdiek/hobsub-generic.sty
Package: hobsub-generic 2012/05/28 v1.13 Bundle oberdiek, subset generic (HO)
Package: hobsub 2012/05/28 v1.13 Construct package bundles (HO)
Package hobsub Info: Skipping package `infwarerr' (already loaded).
Package hobsub Info: Skipping package `ltxcmds' (already loaded).
Package: ifluatex 2010/03/01 v1.3 Provides the ifluatex switch (HO)
Package ifluatex Info: LuaTeX not detected.
Package hobsub Info: Skipping package `ifvtex' (already loaded).
Package: intcalc 2007/09/27 v1.1 Expandable calculations with integers (HO)
Package hobsub Info: Skipping package `ifpdf' (already loaded).
Package: etexcmds 2011/02/16 v1.5 Avoid name clashes with e-TeX commands (HO)
Package etexcmds Info: Could not find \expanded.
(etexcmds)             That can mean that you are not using pdfTeX 1.50 or
(etexcmds)             that some package has redefined \expanded.
(etexcmds)             In the latter case, load this package earlier.
Package: kvsetkeys 2012/04/25 v1.16 Key value parser (HO)
Package: kvdefinekeys 2011/04/07 v1.3 Define keys (HO)
Package: pdftexcmds 2011/11/29 v0.20 Utility functions of pdfTeX for LuaTeX (HO
)
Package pdftexcmds Info: LuaTeX not detected.
Package pdftexcmds Info: \pdf@primitive is available.
Package pdftexcmds Info: \pdf@ifprimitive is available.
Package pdftexcmds Info: \pdfdraftmode found.
Package: pdfescape 2011/11/25 v1.13 Implements pdfTeX's escape features (HO)
Package: bigintcalc 2012/04/08 v1.3 Expandable calculations on big integers (HO
)
Package: bitset 2011/01/30 v1.1 Handle bit-vector datatype (HO)
Package: uniquecounter 2011/01/30 v1.2 Provide unlimited unique counter (HO)
)
Package hobsub Info: Skipping package `hobsub' (already loaded).
Package: letltxmacro 2010/09/02 v1.4 Let assignment for LaTeX macros (HO)
Package: hopatch 2012/05/28 v1.2 Wrapper for package hooks (HO)
Package: xcolor-patch 2011/01/30 xcolor patch
Package: atveryend 2011/06/30 v1.8 Hooks at the very end of document (HO)
Package atveryend Info: \enddocument detected (standard20110627).
Package: atbegshi 2011/10/05 v1.16 At begin shipout hook (HO)
Package: refcount 2011/10/16 v3.4 Data extraction from label references (HO)
Package: hycolor 2011/01/30 v1.7 Color options for hyperref/bookmark (HO)
)
(/usr/local/texlive/2015/texmf-dist/tex/latex/oberdiek/auxhook.sty
Package: auxhook 2011/03/04 v1.3 Hooks for auxiliary files (HO)
)
(/usr/local/texlive/2015/texmf-dist/tex/latex/oberdiek/kvoptions.sty
Package: kvoptions 2011/06/30 v3.11 Key value format for package options (HO)
)
\@linkdim=\dimen137
\Hy@linkcounter=\count113
\Hy@pagecounter=\count114

(/usr/local/texlive/2015/texmf-dist/tex/latex/hyperref/pd1enc.def
File: pd1enc.def 2012/11/06 v6.83m Hyperref: PDFDocEncoding definition (HO)
)
\Hy@SavedSpaceFactor=\count115

(/usr/local/texlive/2015/texmf-dist/tex/latex/latexconfig/hyperref.cfg
File: hyperref.cfg 2002/06/06 v1.2 hyperref configuration of TeXLive
)
Package hyperref Info: Hyper figures OFF on input line 4443.
Package hyperref Info: Link nesting OFF on input line 4448.
Package hyperref Info: Hyper index ON on input line 4451.
Package hyperref Info: Plain pages OFF on input line 4458.
Package hyperref Info: Backreferencing OFF on input line 4463.
Package hyperref Info: Implicit mode ON; LaTeX internals redefined.
Package hyperref Info: Bookmarks ON on input line 4688.
\c@Hy@tempcnt=\count116

(/usr/local/texlive/2015/texmf-dist/tex/latex/url/url.sty
\Urlmuskip=\muskip11
Package: url 2013/09/16  ver 3.4  Verb mode for urls, etc.
)
LaTeX Info: Redefining \url on input line 5041.
\XeTeXLinkMargin=\dimen138
\Fld@menulength=\count117
\Field@Width=\dimen139
\Fld@charsize=\dimen140
Package hyperref Info: Hyper figures OFF on input line 6295.
Package hyperref Info: Link nesting OFF on input line 6300.
Package hyperref Info: Hyper index ON on input line 6303.
Package hyperref Info: backreferencing OFF on input line 6310.
Package hyperref Info: Link coloring OFF on input line 6315.
Package hyperref Info: Link coloring with OCG OFF on input line 6320.
Package hyperref Info: PDF/A mode OFF on input line 6325.
LaTeX Info: Redefining \ref on input line 6365.
LaTeX Info: Redefining \pageref on input line 6369.
\Hy@abspage=\count118
\c@Item=\count119
\c@Hfootnote=\count120
)

Package hyperref Message: Driver (autodetected): hpdftex.

(/usr/local/texlive/2015/texmf-dist/tex/latex/hyperref/hpdftex.def
File: hpdftex.def 2012/11/06 v6.83m Hyperref driver for pdfTeX
\Fld@listcount=\count121
\c@bookmark@seq@number=\count122

(/usr/local/texlive/2015/texmf-dist/tex/latex/oberdiek/rerunfilecheck.sty
Package: rerunfilecheck 2011/04/15 v1.7 Rerun checks for auxiliary files (HO)
Package uniquecounter Info: New unique counter `rerunfilecheck' on input line 2
82.
)
\Hy@SectionHShift=\skip50
)
(/usr/local/texlive/2015/texmf-dist/tex/latex/oberdiek/hypcap.sty
Package: hypcap 2011/02/16 v1.11 Adjusting the anchors of captions (HO)
)
(./lhcb-symbols-def.tex) (./cite.sty
LaTeX Info: Redefining \cite on input line 302.
LaTeX Info: Redefining \nocite on input line 373.
Package: cite 2010/09/10  v 5.3
)) (./mciteplus.sty
Package: mciteplus 2008/09/30 v1.1 enhanced mcite
\@mcitetmptoksA=\toks25
\@mcitetmpdima=\dimen141
\@mcitetmpdimb=\dimen142
\@mcitetmpcnta=\count123
\@mcitetmpcntb=\count124
\c@mcitebibitemcount=\count125
\c@mcitesubitemcount=\count126

** mciteplus: Detected cite.sty. Invoking hooks.
) (/usr/local/texlive/2015/texmf-dist/tex/latex/tools/longtable.sty
Package: longtable 2014/10/28 v4.11 Multi-page Table package (DPC)
\LTleft=\skip51
\LTright=\skip52
\LTpre=\skip53
\LTpost=\skip54
\LTchunksize=\count127
\LTcapwidth=\dimen143
\LT@head=\box29
\LT@firsthead=\box30
\LT@foot=\box31
\LT@lastfoot=\box32
\LT@cols=\count128
\LT@rows=\count129
\c@LT@tables=\count130
\c@LT@chunks=\count131
\LT@p@ftn=\toks26
)
(./main.aux)
\openout1 = `main.aux'.

LaTeX Font Info:    Checking defaults for OML/cmm/m/it on input line 33.
LaTeX Font Info:    ... okay on input line 33.
LaTeX Font Info:    Checking defaults for T1/cmr/m/n on input line 33.
LaTeX Font Info:    ... okay on input line 33.
LaTeX Font Info:    Checking defaults for OT1/cmr/m/n on input line 33.
LaTeX Font Info:    ... okay on input line 33.
LaTeX Font Info:    Checking defaults for OMS/cmsy/m/n on input line 33.
LaTeX Font Info:    ... okay on input line 33.
LaTeX Font Info:    Checking defaults for OMX/cmex/m/n on input line 33.
LaTeX Font Info:    ... okay on input line 33.
LaTeX Font Info:    Checking defaults for U/cmr/m/n on input line 33.
LaTeX Font Info:    ... okay on input line 33.
LaTeX Font Info:    Checking defaults for PD1/pdf/m/n on input line 33.
LaTeX Font Info:    ... okay on input line 33.

*geometry* driver: auto-detecting
*geometry* detected driver: pdftex
*geometry* verbose mode - [ preamble ] result:
* driver: pdftex
* paper: a4paper
* layout: <same size as paper>
* layoutoffset:(h,v)=(0.0pt,0.0pt)
* modes: 
* h-part:(L,W,R)=(72.26999pt, 452.9679pt, 72.26999pt)
* v-part:(T,H,B)=(72.26999pt, 682.43936pt, 90.3375pt)
* \paperwidth=597.50787pt
* \paperheight=845.04684pt
* \textwidth=452.9679pt
* \textheight=682.43936pt
* \oddsidemargin=0.0pt
* \evensidemargin=0.0pt
* \topmargin=-37.0pt
* \headheight=12.0pt
* \headsep=25.0pt
* \topskip=12.0pt
* \footskip=30.0pt
* \marginparwidth=35.0pt
* \marginparsep=10.0pt
* \columnsep=14.22636pt
* \skip\footins=10.8pt plus 4.0pt minus 2.0pt
* \hoffset=0.0pt
* \voffset=0.0pt
* \mag=1000
* \@twocolumnfalse
* \@twosidefalse
* \@mparswitchfalse
* \@reversemarginfalse
* (1in=72.27pt=25.4mm, 1cm=28.453pt)

LaTeX Info: Redefining \microtypecontext on input line 33.
Package microtype Info: Generating PDF output.
Package microtype Info: Character protrusion enabled (level 2).
Package microtype Info: Using default protrusion set `alltext'.
Package microtype Info: Automatic font expansion enabled (level 2),
(microtype)             stretch: 20, shrink: 20, step: 1, non-selected.
Package microtype Info: Using default expansion set `basictext'.
Package microtype Info: No adjustment of tracking.
Package microtype Info: No adjustment of interword spacing.
Package microtype Info: No adjustment of character kerning.
(/usr/local/texlive/2015/texmf-dist/tex/latex/microtype/mt-cmr.cfg
File: mt-cmr.cfg 2013/05/19 v2.2 microtype config. file: Computer Modern Roman 
(RS)
)
Package caption Info: Begin \AtBeginDocument code.
Package caption Info: hyperref package is loaded.
Package caption Info: hypcap package is loaded.
Package caption Info: longtable package is loaded.

(/usr/local/texlive/2015/texmf-dist/tex/latex/caption/ltcaption.sty
Package: ltcaption 2013/06/09 v1.4-94 longtable captions (AR)
)
Package caption Info: End \AtBeginDocument code.

(/usr/local/texlive/2015/texmf-dist/tex/context/base/supp-pdf.mkii
[Loading MPS to PDF converter (version 2006.09.02).]
\scratchcounter=\count132
\scratchdimen=\dimen144
\scratchbox=\box33
\nofMPsegments=\count133
\nofMParguments=\count134
\everyMPshowfont=\toks27
\MPscratchCnt=\count135
\MPscratchDim=\dimen145
\MPnumerator=\count136
\makeMPintoPDFobject=\count137
\everyMPtoPDFconversion=\toks28
) (/usr/local/texlive/2015/texmf-dist/tex/latex/oberdiek/epstopdf-base.sty
Package: epstopdf-base 2010/02/09 v2.5 Base part for package epstopdf

(/usr/local/texlive/2015/texmf-dist/tex/latex/oberdiek/grfext.sty
Package: grfext 2010/08/19 v1.1 Manage graphics extensions (HO)
)
Package grfext Info: Graphics extension search list:
(grfext)             [.png,.pdf,.jpg,.mps,.jpeg,.jbig2,.jb2,.PNG,.PDF,.JPG,.JPE
G,.JBIG2,.JB2,.eps]
(grfext)             \AppendGraphicsExtensions on input line 452.

(/usr/local/texlive/2015/texmf-dist/tex/latex/latexconfig/epstopdf-sys.cfg
File: epstopdf-sys.cfg 2010/07/13 v1.3 Configuration of (r)epstopdf for TeX Liv
e
))
\AtBeginShipoutBox=\box34
Package hyperref Info: Link coloring OFF on input line 33.

(/usr/local/texlive/2015/texmf-dist/tex/latex/hyperref/nameref.sty
Package: nameref 2012/10/27 v2.43 Cross-referencing by name of section

(/usr/local/texlive/2015/texmf-dist/tex/generic/oberdiek/gettitlestring.sty
Package: gettitlestring 2010/12/03 v1.4 Cleanup title references (HO)
)
\c@section@level=\count138
)
LaTeX Info: Redefining \ref on input line 33.
LaTeX Info: Redefining \pageref on input line 33.
LaTeX Info: Redefining \nameref on input line 33.

(./main.out) (./main.out)
\@outlinefile=\write3
\openout3 = `main.out'.

 (./title-LHCb-PAPER.tex
LaTeX Font Info:    Try loading font information for U+msa on input line 19.

(/usr/local/texlive/2015/texmf-dist/tex/latex/amsfonts/umsa.fd
File: umsa.fd 2013/01/14 v3.01 AMS symbols A
)
(/usr/local/texlive/2015/texmf-dist/tex/latex/microtype/mt-msa.cfg
File: mt-msa.cfg 2006/02/04 v1.1 microtype config. file: AMS symbols (a) (RS)
)
LaTeX Font Info:    Try loading font information for U+msb on input line 19.

(/usr/local/texlive/2015/texmf-dist/tex/latex/amsfonts/umsb.fd
File: umsb.fd 2013/01/14 v3.01 AMS symbols B
)
(/usr/local/texlive/2015/texmf-dist/tex/latex/microtype/mt-msb.cfg
File: mt-msb.cfg 2005/06/01 v1.0 microtype config. file: AMS symbols (b) (RS)
)
(/usr/local/texlive/2015/texmf-dist/tex/latex/microtype/mt-eur.cfg
File: mt-eur.cfg 2006/07/31 v1.1 microtype config. file: AMS Euler Roman (RS)
)
<./figs/lhcb-logo.pdf, id=221, 614.295pt x 794.97pt>
File: ./figs/lhcb-logo.pdf Graphic file (type pdf)

<use ./figs/lhcb-logo.pdf>
Package pdftex.def Info: ./figs/lhcb-logo.pdf used on input line 22.
(pdftex.def)             Requested size: 63.41522pt x 82.06113pt.
LaTeX Font Info:    Try loading font information for OMS+cmr on input line 45.

(/usr/local/texlive/2015/texmf-dist/tex/latex/base/omscmr.fd
File: omscmr.fd 2014/09/29 v2.5h Standard LaTeX font definitions
)
LaTeX Font Info:    Font shape `OMS/cmr/m/n' in size <8> not available
(Font)              Font shape `OMS/cmsy/m/n' tried instead on input line 45.
LaTeX Font Info:    Font shape `OMS/cmr/m/n' in size <7> not available
(Font)              Font shape `OMS/cmsy/m/n' tried instead on input line 45.
Package microtype Info: Loading generic settings for font family
(microtype)             `cmtt' (encoding: OT1).
(microtype)             For optimal results, create family-specific settings.
(microtype)             See the microtype manual for details.
LaTeX Font Info:    Font shape `OMS/cmr/m/n' in size <10> not available
(Font)              Font shape `OMS/cmsy/m/n' tried instead on input line 74.
 [1

{/usr/local/texlive/2015/texmf-var/fonts/map/pdftex/updmap/pdftex.map} <./figs/
lhcb-logo.pdf>] [2]) (./introduction.tex
Package microtype Info: Loading generic settings for font family
(microtype)             `cmss' (encoding: OT1).
(microtype)             For optimal results, create family-specific settings.
(microtype)             See the microtype manual for details.
) (./overview.tex [1

] [2]) (./detector.tex

LaTeX Warning: Citation `LHCb-DP-2014-002' on page 3 undefined on input line 4.



LaTeX Warning: Citation `LHCb-DP-2014-001' on page 3 undefined on input line 9.



LaTeX Warning: Citation `LHCb-DP-2013-003' on page 3 undefined on input line 12
.


LaTeX Warning: Citation `LHCb-DP-2012-003' on page 3 undefined on input line 19
.


LaTeX Warning: Citation `LHCb-DP-2012-002' on page 3 undefined on input line 24
.


LaTeX Warning: Citation `LHCb-DP-2012-004' on page 3 undefined on input line 25
.

[3]) (./appendix.tex [4]
LaTeX Font Info:    Try loading font information for OMS+cmtt on input line 19.

LaTeX Font Info:    No file OMScmtt.fd. on input line 19.


LaTeX Font Warning: Font shape `OMS/cmtt/m/n' undefined
(Font)              using `OMS/cmsy/m/n' instead
(Font)              for symbol `textbackslash' on input line 19.


Underfull \vbox (badness 10000) detected at line 56
 []


LaTeX Warning: Citation `LHCb-DP-2016-001' on page 5 undefined on input line 70
.


LaTeX Warning: Citation `LHCb-DP-2014-002' on page 5 undefined on input line 72
.


LaTeX Warning: Citation `LHCb-DP-2014-001' on page 5 undefined on input line 74
.


LaTeX Warning: Citation `LHCb-DP-2013-004' on page 5 undefined on input line 76
.


LaTeX Warning: Citation `LHCb-DP-2013-003' on page 5 undefined on input line 78
.


LaTeX Warning: Citation `LHCb-DP-2013-002' on page 5 undefined on input line 80
.


LaTeX Warning: Citation `LHCb-DP-2013-001' on page 5 undefined on input line 82
.


LaTeX Warning: Citation `LHCb-DP-2012-005' on page 5 undefined on input line 84
.


LaTeX Warning: Citation `LHCb-DP-2012-004' on page 5 undefined on input line 86
.


LaTeX Warning: Citation `LHCb-DP-2012-003' on page 5 undefined on input line 88
.


LaTeX Warning: Citation `LHCb-DP-2012-002' on page 5 undefined on input line 90
.


LaTeX Warning: Citation `LHCb-DP-2012-001' on page 5 undefined on input line 92
.


LaTeX Warning: Citation `LHCb-DP-2011-002' on page 5 undefined on input line 94
.


LaTeX Warning: Citation `LHCb-DP-2011-001' on page 5 undefined on input line 96
.


LaTeX Warning: Citation `LHCb-DP-2010-001' on page 5 undefined on input line 98
.

[5

]

LaTeX Warning: Citation `LHCb-TDR-016' on page 6 undefined on input line 113.


LaTeX Warning: Citation `LHCb-TDR-015' on page 6 undefined on input line 115.


LaTeX Warning: Citation `LHCb-TDR-014' on page 6 undefined on input line 117.


LaTeX Warning: Citation `LHCb-TDR-013' on page 6 undefined on input line 119.


LaTeX Warning: Citation `LHCb-TDR-012' on page 6 undefined on input line 121.


LaTeX Warning: Citation `LHCb-TDR-011' on page 6 undefined on input line 123.


LaTeX Warning: Citation `LHCb-TDR-010' on page 6 undefined on input line 125.


LaTeX Warning: Citation `LHCb-TDR-009' on page 6 undefined on input line 127.


LaTeX Warning: Citation `LHCb-TDR-008' on page 6 undefined on input line 129.


LaTeX Warning: Citation `LHCb-TDR-007' on page 6 undefined on input line 131.


LaTeX Warning: Citation `LHCb-TDR-006' on page 6 undefined on input line 133.


LaTeX Warning: Citation `LHCb-TDR-005' on page 6 undefined on input line 135.


LaTeX Warning: Citation `LHCb-TDR-004' on page 6 undefined on input line 137.


LaTeX Warning: Citation `LHCb-TDR-003' on page 6 undefined on input line 139.


LaTeX Warning: Citation `LHCb-TDR-002' on page 6 undefined on input line 141.


LaTeX Warning: Citation `LHCb-TDR-001' on page 6 undefined on input line 143.


Underfull \vbox (badness 10000) detected at line 204
 []

[6] [7] [8] [9]

Package longtable Warning: Column widths have changed
(longtable)                in table 2 on input line 505.


LaTeX Warning: Citation `LHCb-CONF-2016-005' on page 10 undefined on input line
 523.


LaTeX Warning: Citation `LHCb-CONF-2016-004' on page 10 undefined on input line
 524.


LaTeX Warning: Citation `LHCb-CONF-2016-003' on page 10 undefined on input line
 525.


LaTeX Warning: Citation `LHCb-CONF-2016-002' on page 10 undefined on input line
 526.


LaTeX Warning: Citation `LHCb-CONF-2016-001' on page 10 undefined on input line
 527.


LaTeX Warning: Citation `LHCb-CONF-2015-005' on page 10 undefined on input line
 529.


LaTeX Warning: Citation `LHCb-CONF-2015-004' on page 10 undefined on input line
 530.


LaTeX Warning: Citation `LHCb-CONF-2015-003' on page 10 undefined on input line
 531.


LaTeX Warning: Citation `LHCb-CONF-2015-002' on page 10 undefined on input line
 532.


LaTeX Warning: Citation `LHCb-CONF-2015-001' on page 10 undefined on input line
 533.


LaTeX Warning: Citation `LHCb-CONF-2014-004' on page 10 undefined on input line
 535.


Underfull \hbox (badness 5050) in paragraph at lines 538--538
[][][]\OT1/cmr/m/n/10 (+20) If you cite the gamma com-bi-na-tion, al-ways also 
cite the lat-est gamma pa-per as
 []


LaTeX Warning: Citation `LHCb-CONF-2014-003' on page 10 undefined on input line
 539.


LaTeX Warning: Citation `LHCb-CONF-2014-002' on page 10 undefined on input line
 540.


LaTeX Warning: Citation `LHCb-CONF-2014-001' on page 10 undefined on input line
 541.


LaTeX Warning: Citation `LHCb-CONF-2013-013' on page 10 undefined on input line
 543.


LaTeX Warning: Citation `LHCb-CONF-2013-012' on page 10 undefined on input line
 544.


LaTeX Warning: Citation `LHCb-CONF-2013-011' on page 10 undefined on input line
 545.


LaTeX Warning: Citation `LHCb-CONF-2013-010' on page 10 undefined on input line
 546.


LaTeX Warning: Citation `LHCb-CONF-2013-009' on page 10 undefined on input line
 547.


LaTeX Warning: Citation `LHCb-CONF-2013-008' on page 10 undefined on input line
 548.


LaTeX Warning: Citation `LHCb-CONF-2013-007' on page 10 undefined on input line
 549.


LaTeX Warning: Citation `LHCb-CONF-2013-006' on page 10 undefined on input line
 550.


LaTeX Warning: Citation `LHCb-CONF-2013-005' on page 10 undefined on input line
 551.


LaTeX Warning: Citation `LHCb-CONF-2013-004' on page 10 undefined on input line
 552.


LaTeX Warning: Citation `LHCb-CONF-2013-003' on page 10 undefined on input line
 553.


LaTeX Warning: Citation `LHCb-CONF-2013-002' on page 10 undefined on input line
 554.


LaTeX Warning: Citation `LHCb-CONF-2013-001' on page 10 undefined on input line
 555.


LaTeX Warning: Citation `LHCb-CONF-2012-034' on page 10 undefined on input line
 557.


LaTeX Warning: Citation `LHCb-CONF-2012-033' on page 10 undefined on input line
 558.


LaTeX Warning: Citation `LHCb-CONF-2012-032' on page 10 undefined on input line
 559.


LaTeX Warning: Citation `LHCb-CONF-2012-031' on page 10 undefined on input line
 560.


LaTeX Warning: Citation `LHCb-CONF-2012-030' on page 10 undefined on input line
 561.


LaTeX Warning: Citation `LHCb-CONF-2012-029' on page 10 undefined on input line
 562.


LaTeX Warning: Citation `LHCb-CONF-2012-028' on page 10 undefined on input line
 563.


LaTeX Warning: Citation `LHCb-CONF-2012-027' on page 10 undefined on input line
 564.


LaTeX Warning: Citation `LHCb-CONF-2012-026' on page 10 undefined on input line
 565.


LaTeX Warning: Citation `LHCb-CONF-2012-025' on page 10 undefined on input line
 566.


Underfull \vbox (badness 10000) detected at line 567
 []


LaTeX Warning: Citation `LHCb-CONF-2012-024' on page 10 undefined on input line
 567.


LaTeX Warning: Citation `LHCb-CONF-2012-023' on page 10 undefined on input line
 568.


LaTeX Warning: Citation `LHCb-CONF-2012-022' on page 10 undefined on input line
 569.


LaTeX Warning: Citation `LHCb-CONF-2012-021' on page 10 undefined on input line
 570.


LaTeX Warning: Citation `LHCb-CONF-2012-020' on page 10 undefined on input line
 571.


LaTeX Warning: Citation `LHCb-CONF-2012-019' on page 10 undefined on input line
 572.


LaTeX Warning: Citation `LHCb-CONF-2012-018' on page 10 undefined on input line
 573.


LaTeX Warning: Citation `LHCb-CONF-2012-017' on page 10 undefined on input line
 574.


LaTeX Warning: Citation `LHCb-CONF-2012-016' on page 10 undefined on input line
 575.


LaTeX Warning: Citation `LHCb-CONF-2012-015' on page 10 undefined on input line
 576.


LaTeX Warning: Citation `LHCb-CONF-2012-014' on page 10 undefined on input line
 577.


LaTeX Warning: Citation `LHCb-CONF-2012-013' on page 10 undefined on input line
 578.


LaTeX Warning: Citation `LHCb-CONF-2012-012' on page 10 undefined on input line
 579.


LaTeX Warning: Citation `LHCb-CONF-2012-011' on page 10 undefined on input line
 580.


LaTeX Warning: Citation `LHCb-CONF-2012-010' on page 10 undefined on input line
 581.


LaTeX Warning: Citation `LHCb-CONF-2012-009' on page 10 undefined on input line
 582.


LaTeX Warning: Citation `LHCb-CONF-2012-008' on page 10 undefined on input line
 583.


LaTeX Warning: Citation `LHCb-CONF-2012-007' on page 10 undefined on input line
 584.


LaTeX Warning: Citation `LHCb-CONF-2012-006' on page 10 undefined on input line
 585.


LaTeX Warning: Citation `LHCb-CONF-2012-005' on page 10 undefined on input line
 586.


LaTeX Warning: Citation `LHCb-CONF-2012-004' on page 10 undefined on input line
 587.


LaTeX Warning: Citation `LHCb-CONF-2012-003' on page 10 undefined on input line
 588.


LaTeX Warning: Citation `LHCb-CONF-2012-002' on page 10 undefined on input line
 589.


LaTeX Warning: Citation `LHCb-CONF-2012-001' on page 10 undefined on input line
 590.


LaTeX Warning: Citation `LHCb-CONF-2011-062' on page 10 undefined on input line
 592.


LaTeX Warning: Citation `LHCb-CONF-2011-061' on page 10 undefined on input line
 593.


LaTeX Warning: Citation `LHCb-CONF-2011-060' on page 10 undefined on input line
 594.


LaTeX Warning: Citation `LHCb-CONF-2011-059' on page 10 undefined on input line
 595.


LaTeX Warning: Citation `LHCb-CONF-2011-058' on page 10 undefined on input line
 596.


LaTeX Warning: Citation `LHCb-CONF-2011-057' on page 10 undefined on input line
 597.


LaTeX Warning: Citation `LHCb-CONF-2011-056' on page 10 undefined on input line
 598.


LaTeX Warning: Citation `LHCb-CONF-2011-055' on page 10 undefined on input line
 599.


LaTeX Warning: Citation `LHCb-CONF-2011-054' on page 10 undefined on input line
 600.


LaTeX Warning: Citation `LHCb-CONF-2011-053' on page 10 undefined on input line
 601.


LaTeX Warning: Citation `LHCb-CONF-2011-052' on page 10 undefined on input line
 602.


LaTeX Warning: Citation `LHCb-CONF-2011-051' on page 10 undefined on input line
 603.


LaTeX Warning: Citation `LHCb-CONF-2011-050' on page 10 undefined on input line
 604.


LaTeX Warning: Citation `LHCb-CONF-2011-049' on page 10 undefined on input line
 605.


LaTeX Warning: Citation `LHCb-CONF-2011-048' on page 10 undefined on input line
 606.


LaTeX Warning: Citation `LHCb-CONF-2011-047' on page 10 undefined on input line
 607.

[10]

LaTeX Warning: Citation `LHCb-CONF-2011-046' on page 11 undefined on input line
 608.


LaTeX Warning: Citation `LHCb-CONF-2011-045' on page 11 undefined on input line
 609.


LaTeX Warning: Citation `LHCb-CONF-2011-044' on page 11 undefined on input line
 610.


LaTeX Warning: Citation `LHCb-CONF-2011-043' on page 11 undefined on input line
 611.


LaTeX Warning: Citation `LHCb-CONF-2011-042' on page 11 undefined on input line
 612.


LaTeX Warning: Citation `LHCb-CONF-2011-041' on page 11 undefined on input line
 613.


LaTeX Warning: Citation `LHCb-CONF-2011-040' on page 11 undefined on input line
 614.


LaTeX Warning: Citation `LHCb-CONF-2011-039' on page 11 undefined on input line
 615.


LaTeX Warning: Citation `LHCb-CONF-2011-038' on page 11 undefined on input line
 616.


LaTeX Warning: Citation `LHCb-CONF-2011-037' on page 11 undefined on input line
 617.


LaTeX Warning: Citation `LHCb-CONF-2011-036' on page 11 undefined on input line
 618.


LaTeX Warning: Citation `LHCb-CONF-2011-035' on page 11 undefined on input line
 619.


LaTeX Warning: Citation `LHCb-CONF-2011-034' on page 11 undefined on input line
 620.


LaTeX Warning: Citation `LHCb-CONF-2011-033' on page 11 undefined on input line
 621.


LaTeX Warning: Citation `LHCb-CONF-2011-031' on page 11 undefined on input line
 623.


LaTeX Warning: Citation `LHCb-CONF-2011-030' on page 11 undefined on input line
 624.


LaTeX Warning: Citation `LHCb-CONF-2011-029' on page 11 undefined on input line
 625.


LaTeX Warning: Citation `LHCb-CONF-2011-028' on page 11 undefined on input line
 626.


LaTeX Warning: Citation `LHCb-CONF-2011-027' on page 11 undefined on input line
 627.


LaTeX Warning: Citation `LHCb-CONF-2011-026' on page 11 undefined on input line
 628.


LaTeX Warning: Citation `LHCb-CONF-2011-025' on page 11 undefined on input line
 629.


LaTeX Warning: Citation `LHCb-CONF-2011-024' on page 11 undefined on input line
 630.


LaTeX Warning: Citation `LHCb-CONF-2011-023' on page 11 undefined on input line
 631.


LaTeX Warning: Citation `LHCb-CONF-2011-022' on page 11 undefined on input line
 632.


LaTeX Warning: Citation `LHCb-CONF-2011-021' on page 11 undefined on input line
 633.


LaTeX Warning: Citation `LHCb-CONF-2011-020' on page 11 undefined on input line
 634.


LaTeX Warning: Citation `LHCb-CONF-2011-019' on page 11 undefined on input line
 635.


LaTeX Warning: Citation `LHCb-CONF-2011-018' on page 11 undefined on input line
 636.


LaTeX Warning: Citation `LHCb-CONF-2011-017' on page 11 undefined on input line
 637.


LaTeX Warning: Citation `LHCb-CONF-2011-016' on page 11 undefined on input line
 638.


LaTeX Warning: Citation `LHCb-CONF-2011-015' on page 11 undefined on input line
 639.


LaTeX Warning: Citation `LHCb-CONF-2011-014' on page 11 undefined on input line
 640.


LaTeX Warning: Citation `LHCb-CONF-2011-013' on page 11 undefined on input line
 641.


LaTeX Warning: Citation `LHCb-CONF-2011-012' on page 11 undefined on input line
 642.


LaTeX Warning: Citation `LHCb-CONF-2011-011' on page 11 undefined on input line
 643.


LaTeX Warning: Citation `LHCb-CONF-2011-010' on page 11 undefined on input line
 644.


LaTeX Warning: Citation `LHCb-CONF-2011-009' on page 11 undefined on input line
 645.


LaTeX Warning: Citation `LHCb-CONF-2011-008' on page 11 undefined on input line
 646.


LaTeX Warning: Citation `LHCb-CONF-2011-007' on page 11 undefined on input line
 647.


LaTeX Warning: Citation `LHCb-CONF-2011-006' on page 11 undefined on input line
 648.


LaTeX Warning: Citation `LHCb-CONF-2011-005' on page 11 undefined on input line
 649.


LaTeX Warning: Citation `LHCb-CONF-2011-004' on page 11 undefined on input line
 650.


LaTeX Warning: Citation `LHCb-CONF-2011-003' on page 11 undefined on input line
 651.


LaTeX Warning: Citation `LHCb-CONF-2011-002' on page 11 undefined on input line
 652.


LaTeX Warning: Citation `LHCb-CONF-2011-001' on page 11 undefined on input line
 653.


LaTeX Warning: Citation `LHCb-CONF-2010-014' on page 11 undefined on input line
 655.


LaTeX Warning: Citation `LHCb-CONF-2010-013' on page 11 undefined on input line
 656.


LaTeX Warning: Citation `LHCb-CONF-2010-012' on page 11 undefined on input line
 657.


LaTeX Warning: Citation `LHCb-CONF-2010-011' on page 11 undefined on input line
 658.


LaTeX Warning: Citation `LHCb-CONF-2010-010' on page 11 undefined on input line
 659.


LaTeX Warning: Citation `LHCb-CONF-2010-009' on page 11 undefined on input line
 660.


LaTeX Warning: Citation `LHCb-CONF-2010-008' on page 11 undefined on input line
 661.

[11]

LaTeX Warning: Citation `LHCb-CONF-2013-012' on page 12 undefined on input line
 677.


LaTeX Warning: Reference `sec:typography' on page 12 undefined on input line 68
1.

(./lhcb-symbols-list.tex [12] [13] [14] [15]
Overfull \hbox (45.12251pt too wide) in alignment at lines 199--204
[] [] [] [] [] [] 
 []

[16] [17] [18] [19])) (./supplementary-app.tex [20]

LaTeX Warning: Reference `sec:Supplementary' on page 21 undefined on input line
 11.


Package pdftex.def Warning: Option `bb' does not make sense,
(pdftex.def)                using `viewport' instead on input line 16.

<./figs/Roger-plot.pdf, id=1088, 614.295pt x 794.97pt>
File: ./figs/Roger-plot.pdf Graphic file (type pdf)

<use ./figs/Roger-plot.pdf>
Package pdftex.def Info: ./figs/Roger-plot.pdf used on input line 16.
(pdftex.def)             Requested size: 345.78862pt x 260.97255pt.


LaTeX Warning: Reference `fig:example' on page 21 undefined on input line 22.


LaTeX Warning: Reference `fig:example' on page 21 undefined on input line 22.

[21

 <./figs/Roger-plot.pdf>]) (./main.bbl [22

] [23] [24] [25] [26] [27]
[28] [29] [30] [31] [32] [33] [34] [35] [36] [37] [38]
Underfull \hbox (badness 1983) in paragraph at lines 3180--3192
\OML/cmm/m/it/12 D[]K[]^^Y[]^^Y[]$ \OT1/cmr/m/it/12 (+20) and $[][] \OMS/cmtt/m
/n/12 ! \OML/cmm/m/it/12 D[]\OT1/cmr/m/n/12 (+20) (2536)[]\OML/cmm/m/it/12 ^^Y[
]$\OT1/cmr/m/n/12 (+20) , []Phys. Rev. \OT1/cmr/bx/n/12 D86 \OT1/cmr/m/n/12 (+2
0) (2012) 112005[],
 []

[39] [40] [41] [42] [43]) [44] (./LHCb_authorlist.tex)

Package longtable Warning: Table widths have changed. Rerun LaTeX.

Package atveryend Info: Empty hook `BeforeClearDocument' on input line 135.
[45]
Package atveryend Info: Empty hook `AfterLastShipout' on input line 135.
 (./main.aux)
Package atveryend Info: Executing hook `AtVeryEndDocument' on input line 135.
Package atveryend Info: Executing hook `AtEndAfterFileList' on input line 135.
Package rerunfilecheck Info: File `main.out' has not changed.
(rerunfilecheck)             Checksum: 0D12D1E1375A5489AC8BE7B9ACB76482;3729.


LaTeX Font Warning: Some font shapes were not available, defaults substituted.


LaTeX Warning: There were undefined references.

Package atveryend Info: Empty hook `AtVeryVeryEnd' on input line 135.
 ) 
Here is how much of TeX's memory you used:
 12477 strings out of 493054
 202887 string characters out of 6134759
 321419 words of memory out of 5000000
 15147 multiletter control sequences out of 15000+600000
 27057 words of font info for 173 fonts, out of 8000000 for 9000
 1141 hyphenation exceptions out of 8191
 38i,12n,47p,746b,1212s stack positions out of 5000i,500n,10000p,200000b,80000s
</usr/local/texlive/2015/texmf-dist/fonts/type1/public/amsfonts/cm/cmbx10.pfb
></usr/local/texlive/2015/texmf-dist/fonts/type1/public/amsfonts/cm/cmbx12.pfb>
</usr/local/texlive/2015/texmf-dist/fonts/type1/public/amsfonts/cm/cmcsc10.pfb>
</usr/local/texlive/2015/texmf-dist/fonts/type1/public/amsfonts/cm/cmex10.pfb><
/usr/local/texlive/2015/texmf-dist/fonts/type1/public/amsfonts/cm/cmmi12.pfb></
usr/local/texlive/2015/texmf-dist/fonts/type1/public/amsfonts/cm/cmmi6.pfb></us
r/local/texlive/2015/texmf-dist/fonts/type1/public/amsfonts/cm/cmmi8.pfb></usr/
local/texlive/2015/texmf-dist/fonts/type1/public/amsfonts/cm/cmr10.pfb></usr/lo
cal/texlive/2015/texmf-dist/fonts/type1/public/amsfonts/cm/cmr12.pfb></usr/loca
l/texlive/2015/texmf-dist/fonts/type1/public/amsfonts/cm/cmr5.pfb></usr/local/t
exlive/2015/texmf-dist/fonts/type1/public/amsfonts/cm/cmr6.pfb></usr/local/texl
ive/2015/texmf-dist/fonts/type1/public/amsfonts/cm/cmr7.pfb></usr/local/texlive
/2015/texmf-dist/fonts/type1/public/amsfonts/cm/cmr8.pfb></usr/local/texlive/20
15/texmf-dist/fonts/type1/public/amsfonts/cm/cmss8.pfb></usr/local/texlive/2015
/texmf-dist/fonts/type1/public/amsfonts/cm/cmsy10.pfb></usr/local/texlive/2015/
texmf-dist/fonts/type1/public/amsfonts/cm/cmsy6.pfb></usr/local/texlive/2015/te
xmf-dist/fonts/type1/public/amsfonts/cm/cmsy7.pfb></usr/local/texlive/2015/texm
f-dist/fonts/type1/public/amsfonts/cm/cmsy8.pfb></usr/local/texlive/2015/texmf-
dist/fonts/type1/public/amsfonts/cm/cmti10.pfb></usr/local/texlive/2015/texmf-d
ist/fonts/type1/public/amsfonts/cm/cmti12.pfb></usr/local/texlive/2015/texmf-di
st/fonts/type1/public/amsfonts/cm/cmti7.pfb></usr/local/texlive/2015/texmf-dist
/fonts/type1/public/amsfonts/cm/cmtt10.pfb></usr/local/texlive/2015/texmf-dist/
fonts/type1/public/amsfonts/cm/cmtt12.pfb></usr/local/texlive/2015/texmf-dist/f
onts/type1/public/amsfonts/euler/eurm10.pfb>
Output written on main.pdf (47 pages, 571391 bytes).
PDF statistics:
 2187 PDF objects out of 2487 (max. 8388607)
 2081 compressed objects within 21 object streams
 471 named destinations out of 1000 (max. 500000)
 28097 words of extra memory for PDF output out of 29859 (max. 10000000)

