\BOOKMARK [1][-]{section.1}{Introduction}{}% 1
\BOOKMARK [1][-]{section.2}{Analysis Overview}{}% 2
\BOOKMARK [1][-]{section.3}{Detector and simulation}{}% 3
\BOOKMARK [1][-]{appendix.A}{Standard References}{}% 4
\BOOKMARK [1][-]{appendix.B}{Standard symbols}{}% 5
\BOOKMARK [1][-]{appendix.C}{List of all symbols}{}% 6
\BOOKMARK [2][-]{subsection.C.1}{Experiments}{appendix.C}% 7
\BOOKMARK [3][-]{subsubsection.C.1.1}{LHCb sub-detectors and sub-systems}{subsection.C.1}% 8
\BOOKMARK [2][-]{subsection.C.2}{Particles}{appendix.C}% 9
\BOOKMARK [3][-]{subsubsection.C.2.1}{Leptons}{subsection.C.2}% 10
\BOOKMARK [3][-]{subsubsection.C.2.2}{Gauge bosons and scalars}{subsection.C.2}% 11
\BOOKMARK [3][-]{subsubsection.C.2.3}{Quarks}{subsection.C.2}% 12
\BOOKMARK [3][-]{subsubsection.C.2.4}{Light mesons}{subsection.C.2}% 13
\BOOKMARK [3][-]{subsubsection.C.2.5}{Heavy mesons}{subsection.C.2}% 14
\BOOKMARK [3][-]{subsubsection.C.2.6}{Onia}{subsection.C.2}% 15
\BOOKMARK [3][-]{subsubsection.C.2.7}{Baryons}{subsection.C.2}% 16
\BOOKMARK [2][-]{subsection.C.3}{Physics symbols}{appendix.C}% 17
\BOOKMARK [3][-]{subsubsection.C.3.1}{Decays}{subsection.C.3}% 18
\BOOKMARK [3][-]{subsubsection.C.3.2}{Lifetimes}{subsection.C.3}% 19
\BOOKMARK [3][-]{subsubsection.C.3.3}{Masses}{subsection.C.3}% 20
\BOOKMARK [3][-]{subsubsection.C.3.4}{EW theory, groups}{subsection.C.3}% 21
\BOOKMARK [3][-]{subsubsection.C.3.5}{QCD parameters}{subsection.C.3}% 22
\BOOKMARK [3][-]{subsubsection.C.3.6}{CKM, CP violation}{subsection.C.3}% 23
\BOOKMARK [3][-]{subsubsection.C.3.7}{Oscillations}{subsection.C.3}% 24
\BOOKMARK [3][-]{subsubsection.C.3.8}{Tagging}{subsection.C.3}% 25
\BOOKMARK [3][-]{subsubsection.C.3.9}{Key decay channels}{subsection.C.3}% 26
\BOOKMARK [3][-]{subsubsection.C.3.10}{Rare decays}{subsection.C.3}% 27
\BOOKMARK [3][-]{subsubsection.C.3.11}{Wilson coefficients and operators}{subsection.C.3}% 28
\BOOKMARK [3][-]{subsubsection.C.3.12}{Charm}{subsection.C.3}% 29
\BOOKMARK [3][-]{subsubsection.C.3.13}{QM}{subsection.C.3}% 30
\BOOKMARK [2][-]{subsection.C.4}{Units}{appendix.C}% 31
\BOOKMARK [3][-]{subsubsection.C.4.1}{Energy and momentum}{subsection.C.4}% 32
\BOOKMARK [3][-]{subsubsection.C.4.2}{Distance and area}{subsection.C.4}% 33
\BOOKMARK [3][-]{subsubsection.C.4.3}{Time }{subsection.C.4}% 34
\BOOKMARK [3][-]{subsubsection.C.4.4}{Temperature}{subsection.C.4}% 35
\BOOKMARK [3][-]{subsubsection.C.4.5}{Material lengths, radiation}{subsection.C.4}% 36
\BOOKMARK [3][-]{subsubsection.C.4.6}{Uncertainties}{subsection.C.4}% 37
\BOOKMARK [3][-]{subsubsection.C.4.7}{Maths}{subsection.C.4}% 38
\BOOKMARK [2][-]{subsection.C.5}{Kinematics}{appendix.C}% 39
\BOOKMARK [3][-]{subsubsection.C.5.1}{Energy, Momenta}{subsection.C.5}% 40
\BOOKMARK [3][-]{subsubsection.C.5.2}{PID}{subsection.C.5}% 41
\BOOKMARK [3][-]{subsubsection.C.5.3}{Geometry}{subsection.C.5}% 42
\BOOKMARK [3][-]{subsubsection.C.5.4}{Accelerator}{subsection.C.5}% 43
\BOOKMARK [2][-]{subsection.C.6}{Software}{appendix.C}% 44
\BOOKMARK [3][-]{subsubsection.C.6.1}{Programs}{subsection.C.6}% 45
\BOOKMARK [3][-]{subsubsection.C.6.2}{Languages}{subsection.C.6}% 46
\BOOKMARK [3][-]{subsubsection.C.6.3}{Data processing}{subsection.C.6}% 47
\BOOKMARK [2][-]{subsection.C.7}{Detector related}{appendix.C}% 48
\BOOKMARK [3][-]{subsubsection.C.7.1}{Detector technologies}{subsection.C.7}% 49
\BOOKMARK [3][-]{subsubsection.C.7.2}{Detector components, electronics}{subsection.C.7}% 50
\BOOKMARK [3][-]{subsubsection.C.7.3}{Chemical symbols}{subsection.C.7}% 51
\BOOKMARK [2][-]{subsection.C.8}{Special Text }{appendix.C}% 52
\BOOKMARK [1][-]{appendix.D}{Supplementary material for LHCb-PAPER-20XX-YYY}{}% 53
\BOOKMARK [1][-]{figure.caption.1}{References}{}% 54
